[2026-04-07T08:46:19.868Z] GET http://localhost:3456/text-to-strudel/index.html → 301 (23ms, ?B)
[2026-04-07T08:46:19.892Z] GET http://localhost:3456/text-to-strudel/index → 301 (?ms, ?B)
[2026-04-07T08:46:19.892Z] GET http://localhost:3456/text-to-strudel → 404 (4ms, 1641B)
[2026-04-07T08:46:26.550Z] GET http://localhost:3456/ → 200 (5ms, 15651B)
[2026-04-07T08:46:26.557Z] GET https://fonts.googleapis.com/css2?family=Outfit:wght@300;400;600&family=Red+Hat+Mono:wght@400;600&display=swap → pending (?ms, ?B)
[2026-04-07T08:46:26.557Z] GET https://unpkg.com/@strudel/repl@latest → pending (?ms, ?B)
[2026-04-07T08:46:26.557Z] GET http://localhost:3456/app.js → 200 (5ms, 79582B)
[2026-04-07T08:46:26.849Z] GET https://fonts.gstatic.com/s/redhatmono/v16/jVyN7nDnA2uf2zVvFAhhzEsUWOxS3A_geQ.woff2 → 200 (348ms, 22392B)
[2026-04-07T08:46:26.849Z] GET https://fonts.gstatic.com/s/outfit/v15/QGYvz_MVcBeNP4NJtEtqUYLknw.woff2 → 200 (323ms, 32228B)
[2026-04-07T08:46:27.825Z] GET https://unpkg.com/@strudel/repl@1.3.0/dist/index.js → 200 (189ms, ?B)
[2026-04-07T08:46:29.510Z] GET https://raw.githubusercontent.com/felixroos/dough-samples/main/tidal-drum-machines.json → pending (?ms, ?B)
[2026-04-07T08:46:29.510Z] GET https://raw.githubusercontent.com/felixroos/dough-samples/main/piano.json → pending (?ms, ?B)
[2026-04-07T08:46:29.510Z] GET https://raw.githubusercontent.com/felixroos/dough-samples/main/Dirt-Samples.json → pending (?ms, ?B)
[2026-04-07T08:46:29.510Z] GET https://raw.githubusercontent.com/felixroos/dough-samples/main/vcsl.json → pending (?ms, ?B)
[2026-04-07T08:46:29.510Z] GET https://raw.githubusercontent.com/felixroos/dough-samples/main/mridangam.json → pending (?ms, ?B)
[2026-04-07T08:46:29.510Z] GET https://raw.githubusercontent.com/tidalcycles/uzu-drumkit/main/strudel.json → pending (?ms, ?B)
[2026-04-07T08:46:29.831Z] GET https://raw.githubusercontent.com/todepond/samples/main/tidal-drum-machines-alias.json → 200 (415ms, 1799B)
[2026-04-07T08:46:46.677Z] GET https://raw.githubusercontent.com/ritchse/tidal-drum-machines/main/machines/CasioRZ1/casiorz1-bd/Bassdrum.wav → 200 (228ms, 28784B)
[2026-04-07T08:46:46.679Z] GET https://raw.githubusercontent.com/ritchse/tidal-drum-machines/main/machines/CasioRZ1/casiorz1-hh/Hat%20Closed.wav → 200 (214ms, 17400B)
[2026-04-07T08:46:46.991Z] GET https://raw.githubusercontent.com/ritchse/tidal-drum-machines/main/machines/CasioRZ1/casiorz1-cp/Clap.wav → 200 (249ms, 35936B)
